Build started 7/29/2016 10:20:16 AM.
     1>Project "C:\Users\M1037727\Documents\Visual Studio 2013\Projects\new prime sum\new prime sum\new prime sum.vcxproj" on node 2 (ClCompile target(s)).
     1>ClCompile:
         Q:\VS2013PRO\VC\bin\CL.exe /c /ZI /nologo /W3 /WX- /Od /Oy- /D WIN32 /D _DEBUG /D _CONSOLE /D _LIB /D _UNICODE /D UNICODE /Gm /EHsc /RTC1 /MDd /GS /fp:precise /Zc:wchar_t /Zc:forScope /Fo"Debug\\" /Fd"Debug\vc120.pdb" /Gd /TC /analyze- /errorReport:prompt newprime.c
         newprime.c
     1>c:\users\m1037727\documents\visual studio 2013\projects\new prime sum\new prime sum\newprime.c(8): warning C4996: 'scanf': This function or variable may be unsafe. Consider using scanf_s instead. To disable deprecation, use _CRT_SECURE_NO_WARNINGS. See online help for details.
                 q:\vs2013pro\vc\include\stdio.h(283) : see declaration of 'scanf'
     1>c:\users\m1037727\documents\visual studio 2013\projects\new prime sum\new prime sum\newprime.c(17): error C2143: syntax error : missing ';' before ')'
     1>c:\users\m1037727\documents\visual studio 2013\projects\new prime sum\new prime sum\newprime.c(17): warning C4552: '<' : operator has no effect; expected operator with side-effect
     1>c:\users\m1037727\documents\visual studio 2013\projects\new prime sum\new prime sum\newprime.c(21): error C2065: 'a' : undeclared identifier
     1>c:\users\m1037727\documents\visual studio 2013\projects\new prime sum\new prime sum\newprime.c(21): error C2109: subscript requires array or pointer type
     1>c:\users\m1037727\documents\visual studio 2013\projects\new prime sum\new prime sum\newprime.c(24): error C2065: 'a' : undeclared identifier
     1>c:\users\m1037727\documents\visual studio 2013\projects\new prime sum\new prime sum\newprime.c(24): error C2109: subscript requires array or pointer type
     1>c:\users\m1037727\documents\visual studio 2013\projects\new prime sum\new prime sum\newprime.c(25): warning C4047: '=' : 'int' differs in levels of indirection from 'char [2]'
     1>c:\users\m1037727\documents\visual studio 2013\projects\new prime sum\new prime sum\newprime.c(29): error C2065: 'a' : undeclared identifier
     1>c:\users\m1037727\documents\visual studio 2013\projects\new prime sum\new prime sum\newprime.c(29): error C2109: subscript requires array or pointer type
     1>c:\users\m1037727\documents\visual studio 2013\projects\new prime sum\new prime sum\newprime.c(34): error C2065: 'a' : undeclared identifier
     1>c:\users\m1037727\documents\visual studio 2013\projects\new prime sum\new prime sum\newprime.c(34): error C2109: subscript requires array or pointer type
     1>c:\users\m1037727\documents\visual studio 2013\projects\new prime sum\new prime sum\newprime.c(35): warning C4129: '%' : unrecognized character escape sequence
     1>c:\users\m1037727\documents\visual studio 2013\projects\new prime sum\new prime sum\newprime.c(35): error C2065: 'a' : undeclared identifier
     1>c:\users\m1037727\documents\visual studio 2013\projects\new prime sum\new prime sum\newprime.c(35): error C2065: 'o' : undeclared identifier
     1>c:\users\m1037727\documents\visual studio 2013\projects\new prime sum\new prime sum\newprime.c(35): error C2109: subscript requires array or pointer type
     1>Done Building Project "C:\Users\M1037727\Documents\Visual Studio 2013\Projects\new prime sum\new prime sum\new prime sum.vcxproj" (ClCompile target(s)) -- FAILED.

Build FAILED.

Time Elapsed 00:00:00.34
